Analysis & Synthesis report for ParallelDecoder
Thu Nov 10 20:33:01 2022
Quartus Prime Version 19.1.0 Build 670 09/22/2019 SJ Lite Edition


---------------------
; Table of Contents ;
---------------------
  1. Legal Notice
  2. Analysis & Synthesis Summary
  3. Analysis & Synthesis Settings
  4. Parallel Compilation
  5. Analysis & Synthesis Source Files Read
  6. Analysis & Synthesis Resource Usage Summary
  7. Analysis & Synthesis Resource Utilization by Entity
  8. General Register Statistics
  9. Post-Synthesis Netlist Statistics for Top Partition
 10. Elapsed Time Per Partition
 11. Analysis & Synthesis Messages



----------------
; Legal Notice ;
----------------
Copyright (C) 2019  Intel Corporation. All rights reserved.
Your use of Intel Corporation's design tools, logic functions 
and other software and tools, and any partner logic 
functions, and any output files from any of the foregoing 
(including device programming or simulation files), and any 
associated documentation or information are expressly subject 
to the terms and conditions of the Intel Program License 
Subscription Agreement, the Intel Quartus Prime License Agreement,
the Intel FPGA IP License Agreement, or other applicable license
agreement, including, without limitation, that your use is for
the sole purpose of programming logic devices manufactured by
Intel and sold by Intel or its authorized distributors.  Please
refer to the applicable agreement for further details, at
https://fpgasoftware.intel.com/eula.



+-------------------------------------------------------------------------------+
; Analysis & Synthesis Summary                                                  ;
+---------------------------------+---------------------------------------------+
; Analysis & Synthesis Status     ; Successful - Thu Nov 10 20:33:01 2022       ;
; Quartus Prime Version           ; 19.1.0 Build 670 09/22/2019 SJ Lite Edition ;
; Revision Name                   ; ParallelDecoder                             ;
; Top-level Entity Name           ; ParallelDecoder                             ;
; Family                          ; Cyclone V                                   ;
; Logic utilization (in ALMs)     ; N/A                                         ;
; Total registers                 ; 0                                           ;
; Total pins                      ; 13                                          ;
; Total virtual pins              ; 0                                           ;
; Total block memory bits         ; 0                                           ;
; Total DSP Blocks                ; 0                                           ;
; Total HSSI RX PCSs              ; 0                                           ;
; Total HSSI PMA RX Deserializers ; 0                                           ;
; Total HSSI TX PCSs              ; 0                                           ;
; Total HSSI PMA TX Serializers   ; 0                                           ;
; Total PLLs                      ; 0                                           ;
; Total DLLs                      ; 0                                           ;
+---------------------------------+---------------------------------------------+


+---------------------------------------------------------------------------------------------------------------------------+
; Analysis & Synthesis Settings                                                                                             ;
+---------------------------------------------------------------------------------+--------------------+--------------------+
; Option                                                                          ; Setting            ; Default Value      ;
+---------------------------------------------------------------------------------+--------------------+--------------------+
; Device                                                                          ; 5CGXFC7C7F23C8     ;                    ;
; Top-level entity name                                                           ; ParallelDecoder    ; ParallelDecoder    ;
; Family name                                                                     ; Cyclone V          ; Cyclone V          ;
; Use smart compilation                                                           ; Off                ; Off                ;
; Enable parallel Assembler and Timing Analyzer during compilation                ; On                 ; On                 ;
; Enable compact report table                                                     ; Off                ; Off                ;
; Restructure Multiplexers                                                        ; Auto               ; Auto               ;
; MLAB Add Timing Constraints For Mixed-Port Feed-Through Mode Setting Don't Care ; Off                ; Off                ;
; Create Debugging Nodes for IP Cores                                             ; Off                ; Off                ;
; Preserve fewer node names                                                       ; On                 ; On                 ;
; Intel FPGA IP Evaluation Mode                                                   ; Enable             ; Enable             ;
; Verilog Version                                                                 ; Verilog_2001       ; Verilog_2001       ;
; VHDL Version                                                                    ; VHDL_1993          ; VHDL_1993          ;
; State Machine Processing                                                        ; Auto               ; Auto               ;
; Safe State Machine                                                              ; Off                ; Off                ;
; Extract Verilog State Machines                                                  ; On                 ; On                 ;
; Extract VHDL State Machines                                                     ; On                 ; On                 ;
; Ignore Verilog initial constructs                                               ; Off                ; Off                ;
; Iteration limit for constant Verilog loops                                      ; 5000               ; 5000               ;
; Iteration limit for non-constant Verilog loops                                  ; 250                ; 250                ;
; Add Pass-Through Logic to Inferred RAMs                                         ; On                 ; On                 ;
; Infer RAMs from Raw Logic                                                       ; On                 ; On                 ;
; Parallel Synthesis                                                              ; On                 ; On                 ;
; DSP Block Balancing                                                             ; Auto               ; Auto               ;
; NOT Gate Push-Back                                                              ; On                 ; On                 ;
; Power-Up Don't Care                                                             ; On                 ; On                 ;
; Remove Redundant Logic Cells                                                    ; Off                ; Off                ;
; Remove Duplicate Registers                                                      ; On                 ; On                 ;
; Ignore CARRY Buffers                                                            ; Off                ; Off                ;
; Ignore CASCADE Buffers                                                          ; Off                ; Off                ;
; Ignore GLOBAL Buffers                                                           ; Off                ; Off                ;
; Ignore ROW GLOBAL Buffers                                                       ; Off                ; Off                ;
; Ignore LCELL Buffers                                                            ; Off                ; Off                ;
; Ignore SOFT Buffers                                                             ; On                 ; On                 ;
; Limit AHDL Integers to 32 Bits                                                  ; Off                ; Off                ;
; Optimization Technique                                                          ; Balanced           ; Balanced           ;
; Carry Chain Length                                                              ; 70                 ; 70                 ;
; Auto Carry Chains                                                               ; On                 ; On                 ;
; Auto Open-Drain Pins                                                            ; On                 ; On                 ;
; Perform WYSIWYG Primitive Resynthesis                                           ; Off                ; Off                ;
; Auto ROM Replacement                                                            ; On                 ; On                 ;
; Auto RAM Replacement                                                            ; On                 ; On                 ;
; Auto DSP Block Replacement                                                      ; On                 ; On                 ;
; Auto Shift Register Replacement                                                 ; Auto               ; Auto               ;
; Allow Shift Register Merging across Hierarchies                                 ; Auto               ; Auto               ;
; Auto Clock Enable Replacement                                                   ; On                 ; On                 ;
; Strict RAM Replacement                                                          ; Off                ; Off                ;
; Allow Synchronous Control Signals                                               ; On                 ; On                 ;
; Force Use of Synchronous Clear Signals                                          ; Off                ; Off                ;
; Auto Resource Sharing                                                           ; Off                ; Off                ;
; Allow Any RAM Size For Recognition                                              ; Off                ; Off                ;
; Allow Any ROM Size For Recognition                                              ; Off                ; Off                ;
; Allow Any Shift Register Size For Recognition                                   ; Off                ; Off                ;
; Use LogicLock Constraints during Resource Balancing                             ; On                 ; On                 ;
; Ignore translate_off and synthesis_off directives                               ; Off                ; Off                ;
; Timing-Driven Synthesis                                                         ; On                 ; On                 ;
; Report Parameter Settings                                                       ; On                 ; On                 ;
; Report Source Assignments                                                       ; On                 ; On                 ;
; Report Connectivity Checks                                                      ; On                 ; On                 ;
; Ignore Maximum Fan-Out Assignments                                              ; Off                ; Off                ;
; Synchronization Register Chain Length                                           ; 3                  ; 3                  ;
; Power Optimization During Synthesis                                             ; Normal compilation ; Normal compilation ;
; HDL message level                                                               ; Level2             ; Level2             ;
; Suppress Register Optimization Related Messages                                 ; Off                ; Off                ;
; Number of Removed Registers Reported in Synthesis Report                        ; 5000               ; 5000               ;
; Number of Swept Nodes Reported in Synthesis Report                              ; 5000               ; 5000               ;
; Number of Inverted Registers Reported in Synthesis Report                       ; 100                ; 100                ;
; Clock MUX Protection                                                            ; On                 ; On                 ;
; Auto Gated Clock Conversion                                                     ; Off                ; Off                ;
; Block Design Naming                                                             ; Auto               ; Auto               ;
; SDC constraint protection                                                       ; Off                ; Off                ;
; Synthesis Effort                                                                ; Auto               ; Auto               ;
; Shift Register Replacement - Allow Asynchronous Clear Signal                    ; On                 ; On                 ;
; Pre-Mapping Resynthesis Optimization                                            ; Off                ; Off                ;
; Analysis & Synthesis Message Level                                              ; Medium             ; Medium             ;
; Disable Register Merging Across Hierarchies                                     ; Auto               ; Auto               ;
; Resource Aware Inference For Block RAM                                          ; On                 ; On                 ;
; Automatic Parallel Synthesis                                                    ; On                 ; On                 ;
; Partial Reconfiguration Bitstream ID                                            ; Off                ; Off                ;
+---------------------------------------------------------------------------------+--------------------+--------------------+


+------------------------------------------+
; Parallel Compilation                     ;
+----------------------------+-------------+
; Processors                 ; Number      ;
+----------------------------+-------------+
; Number detected on machine ; 4           ;
; Maximum allowed            ; 2           ;
;                            ;             ;
; Average used               ; 1.00        ;
; Maximum used               ; 1           ;
;                            ;             ;
; Usage by Processor         ; % Time Used ;
;     Processor 1            ; 100.0%      ;
+----------------------------+-------------+


+------------------------------------------------------------------------------------------------------------------------------------+
; Analysis & Synthesis Source Files Read                                                                                             ;
+----------------------------------+-----------------+-----------------+---------------------------------------------------+---------+
; File Name with User-Entered Path ; Used in Netlist ; File Type       ; File Name with Absolute Path                      ; Library ;
+----------------------------------+-----------------+-----------------+---------------------------------------------------+---------+
; ParallelDecoder.vhd              ; yes             ; User VHDL File  ; /home/diogo/ua/AAD/P1/decoder/ParallelDecoder.vhd ;         ;
; logic.vhd                        ; yes             ; User VHDL File  ; /home/diogo/ua/AAD/P1/decoder/logic.vhd           ;         ;
; aux.vhd                          ; yes             ; User VHDL File  ; /home/diogo/ua/AAD/P1/decoder/aux.vhd             ;         ;
+----------------------------------+-----------------+-----------------+---------------------------------------------------+---------+


+----------------------------------------------------------+
; Analysis & Synthesis Resource Usage Summary              ;
+---------------------------------------------+------------+
; Resource                                    ; Usage      ;
+---------------------------------------------+------------+
; Estimate of Logic utilization (ALMs needed) ; 14         ;
;                                             ;            ;
; Combinational ALUT usage for logic          ; 23         ;
;     -- 7 input functions                    ; 0          ;
;     -- 6 input functions                    ; 5          ;
;     -- 5 input functions                    ; 4          ;
;     -- 4 input functions                    ; 3          ;
;     -- <=3 input functions                  ; 11         ;
;                                             ;            ;
; Dedicated logic registers                   ; 0          ;
;                                             ;            ;
; I/O pins                                    ; 13         ;
;                                             ;            ;
; Total DSP Blocks                            ; 0          ;
;                                             ;            ;
; Maximum fan-out node                        ; y[0]~input ;
; Maximum fan-out                             ; 6          ;
; Total fan-out                               ; 103        ;
; Average fan-out                             ; 2.10       ;
+---------------------------------------------+------------+


+----------------------------------------------------------------------------------------------------------------------------------------------------------------------------------------------------------------------------------------+
; Analysis & Synthesis Resource Utilization by Entity                                                                                                                                                                                    ;
+---------------------------------+---------------------+---------------------------+-------------------+------------+------+--------------+------------------------------------------------------------+-----------------+--------------+
; Compilation Hierarchy Node      ; Combinational ALUTs ; Dedicated Logic Registers ; Block Memory Bits ; DSP Blocks ; Pins ; Virtual Pins ; Full Hierarchy Name                                        ; Entity Name     ; Library Name ;
+---------------------------------+---------------------+---------------------------+-------------------+------------+------+--------------+------------------------------------------------------------+-----------------+--------------+
; |ParallelDecoder                ; 23 (0)              ; 0 (0)                     ; 0                 ; 0          ; 13   ; 0            ; |ParallelDecoder                                           ; ParallelDecoder ; work         ;
;    |LocalDecoder:localDecoder0| ; 10 (0)              ; 0 (0)                     ; 0                 ; 0          ; 0    ; 0            ; |ParallelDecoder|LocalDecoder:localDecoder0                ; LocalDecoder    ; work         ;
;       |gateXOR2:xor20|          ; 1 (1)               ; 0 (0)                     ; 0                 ; 0          ; 0    ; 0            ; |ParallelDecoder|LocalDecoder:localDecoder0|gateXOR2:xor20 ; gateXOR2        ; work         ;
;       |gateXOR2:xor21|          ; 1 (1)               ; 0 (0)                     ; 0                 ; 0          ; 0    ; 0            ; |ParallelDecoder|LocalDecoder:localDecoder0|gateXOR2:xor21 ; gateXOR2        ; work         ;
;       |gateXOR2:xor22|          ; 1 (1)               ; 0 (0)                     ; 0                 ; 0          ; 0    ; 0            ; |ParallelDecoder|LocalDecoder:localDecoder0|gateXOR2:xor22 ; gateXOR2        ; work         ;
;       |gateXOR2:xor23|          ; 1 (1)               ; 0 (0)                     ; 0                 ; 0          ; 0    ; 0            ; |ParallelDecoder|LocalDecoder:localDecoder0|gateXOR2:xor23 ; gateXOR2        ; work         ;
;       |gateXOR2:xor25|          ; 1 (1)               ; 0 (0)                     ; 0                 ; 0          ; 0    ; 0            ; |ParallelDecoder|LocalDecoder:localDecoder0|gateXOR2:xor25 ; gateXOR2        ; work         ;
;       |gateXOR2:xor26|          ; 1 (1)               ; 0 (0)                     ; 0                 ; 0          ; 0    ; 0            ; |ParallelDecoder|LocalDecoder:localDecoder0|gateXOR2:xor26 ; gateXOR2        ; work         ;
;       |gateXOR2:xor27|          ; 1 (1)               ; 0 (0)                     ; 0                 ; 0          ; 0    ; 0            ; |ParallelDecoder|LocalDecoder:localDecoder0|gateXOR2:xor27 ; gateXOR2        ; work         ;
;       |gateXOR2:xor29|          ; 1 (1)               ; 0 (0)                     ; 0                 ; 0          ; 0    ; 0            ; |ParallelDecoder|LocalDecoder:localDecoder0|gateXOR2:xor29 ; gateXOR2        ; work         ;
;       |gateXOR2:xor2a|          ; 1 (1)               ; 0 (0)                     ; 0                 ; 0          ; 0    ; 0            ; |ParallelDecoder|LocalDecoder:localDecoder0|gateXOR2:xor2a ; gateXOR2        ; work         ;
;       |gateXOR2:xor2b|          ; 1 (1)               ; 0 (0)                     ; 0                 ; 0          ; 0    ; 0            ; |ParallelDecoder|LocalDecoder:localDecoder0|gateXOR2:xor2b ; gateXOR2        ; work         ;
;    |gateAND2:and20|             ; 1 (1)               ; 0 (0)                     ; 0                 ; 0          ; 0    ; 0            ; |ParallelDecoder|gateAND2:and20                            ; gateAND2        ; work         ;
;    |gateAND2:and21|             ; 1 (1)               ; 0 (0)                     ; 0                 ; 0          ; 0    ; 0            ; |ParallelDecoder|gateAND2:and21                            ; gateAND2        ; work         ;
;    |gateAND2:and22|             ; 1 (1)               ; 0 (0)                     ; 0                 ; 0          ; 0    ; 0            ; |ParallelDecoder|gateAND2:and22                            ; gateAND2        ; work         ;
;    |gateAND2:and23|             ; 1 (1)               ; 0 (0)                     ; 0                 ; 0          ; 0    ; 0            ; |ParallelDecoder|gateAND2:and23                            ; gateAND2        ; work         ;
;    |gateNOR3:nor30|             ; 1 (0)               ; 0 (0)                     ; 0                 ; 0          ; 0    ; 0            ; |ParallelDecoder|gateNOR3:nor30                            ; gateNOR3        ; work         ;
;       |gateOR2:or_1|            ; 1 (1)               ; 0 (0)                     ; 0                 ; 0          ; 0    ; 0            ; |ParallelDecoder|gateNOR3:nor30|gateOR2:or_1               ; gateOR2         ; work         ;
;    |gateXOR2:xor21|             ; 1 (1)               ; 0 (0)                     ; 0                 ; 0          ; 0    ; 0            ; |ParallelDecoder|gateXOR2:xor21                            ; gateXOR2        ; work         ;
;    |gateXOR4:xor41|             ; 1 (0)               ; 0 (0)                     ; 0                 ; 0          ; 0    ; 0            ; |ParallelDecoder|gateXOR4:xor41                            ; gateXOR4        ; work         ;
;       |gateXOR2:xor_2|          ; 1 (1)               ; 0 (0)                     ; 0                 ; 0          ; 0    ; 0            ; |ParallelDecoder|gateXOR4:xor41|gateXOR2:xor_2             ; gateXOR2        ; work         ;
;    |gateXOR4:xor42|             ; 1 (0)               ; 0 (0)                     ; 0                 ; 0          ; 0    ; 0            ; |ParallelDecoder|gateXOR4:xor42                            ; gateXOR4        ; work         ;
;       |gateXOR2:xor_2|          ; 1 (1)               ; 0 (0)                     ; 0                 ; 0          ; 0    ; 0            ; |ParallelDecoder|gateXOR4:xor42|gateXOR2:xor_2             ; gateXOR2        ; work         ;
;    |mIsError:m0IsError|         ; 1 (0)               ; 0 (0)                     ; 0                 ; 0          ; 0    ; 0            ; |ParallelDecoder|mIsError:m0IsError                        ; mIsError        ; work         ;
;       |gateNOR2:nor20|          ; 1 (1)               ; 0 (0)                     ; 0                 ; 0          ; 0    ; 0            ; |ParallelDecoder|mIsError:m0IsError|gateNOR2:nor20         ; gateNOR2        ; work         ;
;    |mIsError:m1IsError|         ; 1 (0)               ; 0 (0)                     ; 0                 ; 0          ; 0    ; 0            ; |ParallelDecoder|mIsError:m1IsError                        ; mIsError        ; work         ;
;       |gateNOR2:nor20|          ; 1 (1)               ; 0 (0)                     ; 0                 ; 0          ; 0    ; 0            ; |ParallelDecoder|mIsError:m1IsError|gateNOR2:nor20         ; gateNOR2        ; work         ;
;    |mIsError:m2IsError|         ; 1 (0)               ; 0 (0)                     ; 0                 ; 0          ; 0    ; 0            ; |ParallelDecoder|mIsError:m2IsError                        ; mIsError        ; work         ;
;       |gateNOR2:nor20|          ; 1 (1)               ; 0 (0)                     ; 0                 ; 0          ; 0    ; 0            ; |ParallelDecoder|mIsError:m2IsError|gateNOR2:nor20         ; gateNOR2        ; work         ;
;    |mIsOne:m1IsOne|             ; 1 (0)               ; 0 (0)                     ; 0                 ; 0          ; 0    ; 0            ; |ParallelDecoder|mIsOne:m1IsOne                            ; mIsOne          ; work         ;
;       |gateOR2:or22|            ; 1 (1)               ; 0 (0)                     ; 0                 ; 0          ; 0    ; 0            ; |ParallelDecoder|mIsOne:m1IsOne|gateOR2:or22               ; gateOR2         ; work         ;
;    |mIsOne:m2IsOne|             ; 1 (0)               ; 0 (0)                     ; 0                 ; 0          ; 0    ; 0            ; |ParallelDecoder|mIsOne:m2IsOne                            ; mIsOne          ; work         ;
;       |gateOR2:or22|            ; 1 (1)               ; 0 (0)                     ; 0                 ; 0          ; 0    ; 0            ; |ParallelDecoder|mIsOne:m2IsOne|gateOR2:or22               ; gateOR2         ; work         ;
+---------------------------------+---------------------+---------------------------+-------------------+------------+------+--------------+------------------------------------------------------------+-----------------+--------------+
Note: For table entries with two numbers listed, the numbers in parentheses indicate the number of resources of the given type used by the specific entity alone. The numbers listed outside of parentheses indicate the total resources of the given type used by the specific entity and all of its sub-entities in the hierarchy.


+------------------------------------------------------+
; General Register Statistics                          ;
+----------------------------------------------+-------+
; Statistic                                    ; Value ;
+----------------------------------------------+-------+
; Total registers                              ; 0     ;
; Number of registers using Synchronous Clear  ; 0     ;
; Number of registers using Synchronous Load   ; 0     ;
; Number of registers using Asynchronous Clear ; 0     ;
; Number of registers using Asynchronous Load  ; 0     ;
; Number of registers using Clock Enable       ; 0     ;
; Number of registers using Preset             ; 0     ;
+----------------------------------------------+-------+


+-----------------------------------------------------+
; Post-Synthesis Netlist Statistics for Top Partition ;
+-----------------------+-----------------------------+
; Type                  ; Count                       ;
+-----------------------+-----------------------------+
; arriav_lcell_comb     ; 24                          ;
;     normal            ; 24                          ;
;         1 data inputs ; 1                           ;
;         2 data inputs ; 10                          ;
;         3 data inputs ; 1                           ;
;         4 data inputs ; 3                           ;
;         5 data inputs ; 4                           ;
;         6 data inputs ; 5                           ;
; boundary_port         ; 13                          ;
;                       ;                             ;
; Max LUT depth         ; 4.00                        ;
; Average LUT depth     ; 3.84                        ;
+-----------------------+-----------------------------+


+-------------------------------+
; Elapsed Time Per Partition    ;
+----------------+--------------+
; Partition Name ; Elapsed Time ;
+----------------+--------------+
; Top            ; 00:00:00     ;
+----------------+--------------+


+-------------------------------+
; Analysis & Synthesis Messages ;
+-------------------------------+
Info: *******************************************************************
Info: Running Quartus Prime Analysis & Synthesis
    Info: Version 19.1.0 Build 670 09/22/2019 SJ Lite Edition
    Info: Processing started: Thu Nov 10 20:32:50 2022
Info: Command: quartus_map --read_settings_files=on --write_settings_files=off ParallelDecoder -c ParallelDecoder
Warning (18236): Number of processors has not been specified which may cause overloading on shared machines.  Set the global assignment NUM_PARALLEL_PROCESSORS in your QSF to an appropriate value for best performance.
Info (20030): Parallel compilation is enabled and will use 2 of the 2 processors detected
Info (12021): Found 2 design units, including 1 entities, in source file ParallelDecoder.vhd
    Info (12022): Found design unit 1: ParallelDecoder-Structural File: /home/diogo/ua/AAD/P1/decoder/ParallelDecoder.vhd Line: 16
    Info (12023): Found entity 1: ParallelDecoder File: /home/diogo/ua/AAD/P1/decoder/ParallelDecoder.vhd Line: 10
Info (12021): Found 16 design units, including 8 entities, in source file logic.vhd
    Info (12022): Found design unit 1: gateXOR2-Equations File: /home/diogo/ua/AAD/P1/decoder/logic.vhd Line: 10
    Info (12022): Found design unit 2: gateNOT1-Equations File: /home/diogo/ua/AAD/P1/decoder/logic.vhd Line: 23
    Info (12022): Found design unit 3: gateAND2-Equations File: /home/diogo/ua/AAD/P1/decoder/logic.vhd Line: 37
    Info (12022): Found design unit 4: gateOR2-Equations File: /home/diogo/ua/AAD/P1/decoder/logic.vhd Line: 51
    Info (12022): Found design unit 5: gateNOR2-Equations File: /home/diogo/ua/AAD/P1/decoder/logic.vhd Line: 65
    Info (12022): Found design unit 6: gateNOR3-Structural File: /home/diogo/ua/AAD/P1/decoder/logic.vhd Line: 80
    Info (12022): Found design unit 7: gateAND3-Structural File: /home/diogo/ua/AAD/P1/decoder/logic.vhd Line: 107
    Info (12022): Found design unit 8: gateXOR4-Structural File: /home/diogo/ua/AAD/P1/decoder/logic.vhd Line: 131
    Info (12023): Found entity 1: gateXOR2 File: /home/diogo/ua/AAD/P1/decoder/logic.vhd Line: 4
    Info (12023): Found entity 2: gateNOT1 File: /home/diogo/ua/AAD/P1/decoder/logic.vhd Line: 18
    Info (12023): Found entity 3: gateAND2 File: /home/diogo/ua/AAD/P1/decoder/logic.vhd Line: 31
    Info (12023): Found entity 4: gateOR2 File: /home/diogo/ua/AAD/P1/decoder/logic.vhd Line: 45
    Info (12023): Found entity 5: gateNOR2 File: /home/diogo/ua/AAD/P1/decoder/logic.vhd Line: 59
    Info (12023): Found entity 6: gateNOR3 File: /home/diogo/ua/AAD/P1/decoder/logic.vhd Line: 73
    Info (12023): Found entity 7: gateAND3 File: /home/diogo/ua/AAD/P1/decoder/logic.vhd Line: 100
    Info (12023): Found entity 8: gateXOR4 File: /home/diogo/ua/AAD/P1/decoder/logic.vhd Line: 123
Info (12021): Found 8 design units, including 4 entities, in source file aux.vhd
    Info (12022): Found design unit 1: LocalDecoder-Structural File: /home/diogo/ua/AAD/P1/decoder/aux.vhd Line: 14
    Info (12022): Found design unit 2: mIsOne-Structural File: /home/diogo/ua/AAD/P1/decoder/aux.vhd Line: 45
    Info (12022): Found design unit 3: mIsZero-Structural File: /home/diogo/ua/AAD/P1/decoder/aux.vhd Line: 75
    Info (12022): Found design unit 4: mIsError-Structural File: /home/diogo/ua/AAD/P1/decoder/aux.vhd Line: 115
    Info (12023): Found entity 1: LocalDecoder File: /home/diogo/ua/AAD/P1/decoder/aux.vhd Line: 7
    Info (12023): Found entity 2: mIsOne File: /home/diogo/ua/AAD/P1/decoder/aux.vhd Line: 40
    Info (12023): Found entity 3: mIsZero File: /home/diogo/ua/AAD/P1/decoder/aux.vhd Line: 70
    Info (12023): Found entity 4: mIsError File: /home/diogo/ua/AAD/P1/decoder/aux.vhd Line: 109
Info (12127): Elaborating entity "ParallelDecoder" for the top level hierarchy
Info (12128): Elaborating entity "LocalDecoder" for hierarchy "LocalDecoder:localDecoder0" File: /home/diogo/ua/AAD/P1/decoder/ParallelDecoder.vhd Line: 60
Info (12128): Elaborating entity "gateXOR2" for hierarchy "LocalDecoder:localDecoder0|gateXOR2:xor20" File: /home/diogo/ua/AAD/P1/decoder/aux.vhd Line: 20
Info (12128): Elaborating entity "mIsOne" for hierarchy "mIsOne:m0IsOne" File: /home/diogo/ua/AAD/P1/decoder/ParallelDecoder.vhd Line: 61
Info (12128): Elaborating entity "gateOR2" for hierarchy "mIsOne:m0IsOne|gateOR2:or20" File: /home/diogo/ua/AAD/P1/decoder/aux.vhd Line: 57
Info (12128): Elaborating entity "gateAND3" for hierarchy "mIsOne:m0IsOne|gateAND3:and30" File: /home/diogo/ua/AAD/P1/decoder/aux.vhd Line: 59
Info (12128): Elaborating entity "gateAND2" for hierarchy "mIsOne:m0IsOne|gateAND3:and30|gateAND2:and_0" File: /home/diogo/ua/AAD/P1/decoder/logic.vhd Line: 116
Info (12128): Elaborating entity "mIsZero" for hierarchy "mIsZero:m0IsZero" File: /home/diogo/ua/AAD/P1/decoder/ParallelDecoder.vhd Line: 64
Info (12128): Elaborating entity "gateNOT1" for hierarchy "mIsZero:m0IsZero|gateNOT1:not10" File: /home/diogo/ua/AAD/P1/decoder/aux.vhd Line: 92
Info (12128): Elaborating entity "mIsError" for hierarchy "mIsError:m0IsError" File: /home/diogo/ua/AAD/P1/decoder/ParallelDecoder.vhd Line: 67
Info (12128): Elaborating entity "gateNOR2" for hierarchy "mIsError:m0IsError|gateNOR2:nor20" File: /home/diogo/ua/AAD/P1/decoder/aux.vhd Line: 121
Info (12128): Elaborating entity "gateNOR3" for hierarchy "gateNOR3:nor30" File: /home/diogo/ua/AAD/P1/decoder/ParallelDecoder.vhd Line: 70
Info (12128): Elaborating entity "gateXOR4" for hierarchy "gateXOR4:xor40" File: /home/diogo/ua/AAD/P1/decoder/ParallelDecoder.vhd Line: 78
Info (286030): Timing-Driven Synthesis is running
Info (16010): Generating hard_block partition "hard_block:auto_generated_inst"
    Info (16011): Adding 0 node(s), including 0 DDIO, 0 PLL, 0 transceiver and 0 LCELL
Info (21057): Implemented 36 device resources after synthesis - the final resource count might be different
    Info (21058): Implemented 8 input pins
    Info (21059): Implemented 5 output pins
    Info (21061): Implemented 23 logic cells
Info: Quartus Prime Analysis & Synthesis was successful. 0 errors, 1 warning
    Info: Peak virtual memory: 985 megabytes
    Info: Processing ended: Thu Nov 10 20:33:01 2022
    Info: Elapsed time: 00:00:11
    Info: Total CPU time (on all processors): 00:00:24


